2016-03-09 19:40:02,245 ERROR [Thread-19] - System.err - java.net.ConnectException: 连接超时
2016-03-09 19:40:02,247 ERROR [Thread-19] - System.err - at java.net.PlainSocketImpl.socketConnect(Native Method)
2016-03-09 19:40:02,248 ERROR [Thread-19] - System.err - at java.net.AbstractPlainSocketImpl.doConnect(AbstractPlainSocketImpl.java:350)
2016-03-09 19:40:02,248 ERROR [Thread-19] - System.err - at java.net.AbstractPlainSocketImpl.connectToAddress(AbstractPlainSocketImpl.java:206)
2016-03-09 19:40:02,248 ERROR [Thread-19] - System.err - at java.net.AbstractPlainSocketImpl.connect(AbstractPlainSocketImpl.java:188)
2016-03-09 19:40:02,249 ERROR [Thread-19] - System.err - at java.net.SocksSocketImpl.connect(SocksSocketImpl.java:392)
2016-03-09 19:40:02,249 ERROR [Thread-19] - System.err - at java.net.Socket.connect(Socket.java:589)
2016-03-09 19:40:02,249 ERROR [Thread-19] - System.err - at java.net.Socket.connect(Socket.java:538)
2016-03-09 19:40:02,250 ERROR [Thread-19] - System.err - at sun.net.NetworkClient.doConnect(NetworkClient.java:180)
2016-03-09 19:40:02,250 ERROR [Thread-19] - System.err - at sun.net.www.http.HttpClient.openServer(HttpClient.java:432)
2016-03-09 19:40:02,250 ERROR [Thread-19] - System.err - at sun.net.www.http.HttpClient.openServer(HttpClient.java:527)
2016-03-09 19:40:02,250 ERROR [Thread-19] - System.err - at sun.net.www.http.HttpClient.<init>(HttpClient.java:211)
2016-03-09 19:40:02,251 ERROR [Thread-19] - System.err - at sun.net.www.http.HttpClient.New(HttpClient.java:308)
2016-03-09 19:40:02,251 ERROR [Thread-19] - System.err - at sun.net.www.http.HttpClient.New(HttpClient.java:326)
2016-03-09 19:40:02,251 ERROR [Thread-19] - System.err - at sun.net.www.protocol.http.HttpURLConnection.getNewHttpClient(HttpURLConnection.java:1169)
2016-03-09 19:40:02,252 ERROR [Thread-19] - System.err - at sun.net.www.protocol.http.HttpURLConnection.plainConnect0(HttpURLConnection.java:1105)
2016-03-09 19:40:02,252 ERROR [Thread-19] - System.err - at sun.net.www.protocol.http.HttpURLConnection.plainConnect(HttpURLConnection.java:999)
2016-03-09 19:40:02,252 ERROR [Thread-19] - System.err - at sun.net.www.protocol.http.HttpURLConnection.connect(HttpURLConnection.java:933)
2016-03-09 19:40:02,253 ERROR [Thread-19] - System.err - at sun.net.www.protocol.http.HttpURLConnection.getInputStream0(HttpURLConnection.java:1513)
2016-03-09 19:40:02,253 ERROR [Thread-19] - System.err - at sun.net.www.protocol.http.HttpURLConnection.getInputStream(HttpURLConnection.java:1441)
2016-03-09 19:40:02,253 ERROR [Thread-19] - System.err - at java.net.HttpURLConnection.getResponseCode(HttpURLConnection.java:480)
2016-03-09 19:40:02,253 ERROR [Thread-19] - System.err - at com.android.sdkstats.SdkStatsService.actuallySendPing(SdkStatsService.java:249)
2016-03-09 19:40:02,254 ERROR [Thread-19] - System.err - at com.android.sdkstats.SdkStatsService.access$100(SdkStatsService.java:36)
2016-03-09 19:40:02,254 ERROR [Thread-19] - System.err - at com.android.sdkstats.SdkStatsService$2.run(SdkStatsService.java:222)
2016-03-09 19:40:02,620 ERROR [Thread-20] - System.err - java.net.ConnectException: 连接超时
2016-03-09 19:40:02,622 ERROR [Thread-20] - System.err - at java.net.PlainSocketImpl.socketConnect(Native Method)
2016-03-09 19:40:02,622 ERROR [Thread-20] - System.err - at java.net.AbstractPlainSocketImpl.doConnect(AbstractPlainSocketImpl.java:350)
2016-03-09 19:40:02,623 ERROR [Thread-20] - System.err - at java.net.AbstractPlainSocketImpl.connectToAddress(AbstractPlainSocketImpl.java:206)
2016-03-09 19:40:02,623 ERROR [Thread-20] - System.err - at java.net.AbstractPlainSocketImpl.connect(AbstractPlainSocketImpl.java:188)
2016-03-09 19:40:02,623 ERROR [Thread-20] - System.err - at java.net.SocksSocketImpl.connect(SocksSocketImpl.java:392)
2016-03-09 19:40:02,624 ERROR [Thread-20] - System.err - at java.net.Socket.connect(Socket.java:589)
2016-03-09 19:40:02,624 ERROR [Thread-20] - System.err - at java.net.Socket.connect(Socket.java:538)
2016-03-09 19:40:02,625 ERROR [Thread-20] - System.err - at sun.net.NetworkClient.doConnect(NetworkClient.java:180)
2016-03-09 19:40:02,625 ERROR [Thread-20] - System.err - at sun.net.www.http.HttpClient.openServer(HttpClient.java:432)
2016-03-09 19:40:02,625 ERROR [Thread-20] - System.err - at sun.net.www.http.HttpClient.openServer(HttpClient.java:527)
2016-03-09 19:40:02,626 ERROR [Thread-20] - System.err - at sun.net.www.http.HttpClient.<init>(HttpClient.java:211)
2016-03-09 19:40:02,626 ERROR [Thread-20] - System.err - at sun.net.www.http.HttpClient.New(HttpClient.java:308)
2016-03-09 19:40:02,626 ERROR [Thread-20] - System.err - at sun.net.www.http.HttpClient.New(HttpClient.java:326)
2016-03-09 19:40:02,627 ERROR [Thread-20] - System.err - at sun.net.www.protocol.http.HttpURLConnection.getNewHttpClient(HttpURLConnection.java:1169)
2016-03-09 19:40:02,627 ERROR [Thread-20] - System.err - at sun.net.www.protocol.http.HttpURLConnection.plainConnect0(HttpURLConnection.java:1105)
2016-03-09 19:40:02,627 ERROR [Thread-20] - System.err - at sun.net.www.protocol.http.HttpURLConnection.plainConnect(HttpURLConnection.java:999)
2016-03-09 19:40:02,628 ERROR [Thread-20] - System.err - at sun.net.www.protocol.http.HttpURLConnection.connect(HttpURLConnection.java:933)
2016-03-09 19:40:02,628 ERROR [Thread-20] - System.err - at sun.net.www.protocol.http.HttpURLConnection.getInputStream0(HttpURLConnection.java:1513)
2016-03-09 19:40:02,628 ERROR [Thread-20] - System.err - at sun.net.www.protocol.http.HttpURLConnection.getInputStream(HttpURLConnection.java:1441)
2016-03-09 19:40:02,629 ERROR [Thread-20] - System.err - at java.net.HttpURLConnection.getResponseCode(HttpURLConnection.java:480)
2016-03-09 19:40:02,629 ERROR [Thread-20] - System.err - at com.android.sdkstats.SdkStatsService.actuallySendPing(SdkStatsService.java:249)
2016-03-09 19:40:02,629 ERROR [Thread-20] - System.err - at com.android.sdkstats.SdkStatsService.access$100(SdkStatsService.java:36)
2016-03-09 19:40:02,629 ERROR [Thread-20] - System.err - at com.android.sdkstats.SdkStatsService$2.run(SdkStatsService.java:222)
